[16:55:44] [main/INFO] (FabricLoader/GameProvider) Loading Minecraft 1.21 with Fabric Loader 0.15.11
[16:55:44] [main/INFO] (FabricLoader) Loading 43 mods:
	- fabric-api 0.100.8+1.21
	- fabric-api-base 0.4.42+6573ed8cd1
	- fabric-api-lookup-api-v1 1.6.67+b5597344d1
	- fabric-biome-api-v1 13.0.29+5bd9f1bcd1
	- fabric-block-api-v1 1.0.22+0af3f5a7d1
	- fabric-block-view-api-v2 1.0.10+6573ed8cd1
	- fabric-command-api-v1 1.2.49+f71b366fd1
	- fabric-command-api-v2 2.2.28+6ced4dd9d1
	- fabric-commands-v0 0.2.66+df3654b3d1
	- fabric-content-registries-v0 8.0.15+b5597344d1
	- fabric-convention-tags-v1 2.0.18+7f945d5bd1
	- fabric-convention-tags-v2 2.4.2+c111832ad1
	- fabric-crash-report-info-v1 0.2.29+0af3f5a7d1
	- fabric-data-attachment-api-v1 1.1.25+6a6dfa19d1
	- fabric-data-generation-api-v1 20.2.13+16c4ae25d1
	- fabric-dimensions-v1 4.0.0+6fc22b99d1
	- fabric-entity-events-v1 1.6.12+6fc22b99d1
	- fabric-events-interaction-v0 0.7.10+e633f883d1
	- fabric-game-rule-api-v1 1.0.53+6ced4dd9d1
	- fabric-gametest-api-v1 2.0.3+6fc22b99d1
	- fabric-item-api-v1 11.0.0+afdfc921d1
	- fabric-item-group-api-v1 4.1.3+78017270d1
	- fabric-lifecycle-events-v1 2.3.11+8f3583aed1
	- fabric-loot-api-v2 3.0.13+3f89f5a5d1
	- fabric-loot-api-v3 1.0.1+3f89f5a5d1
	- fabric-message-api-v1 6.0.13+6573ed8cd1
	- fabric-networking-api-v1 4.2.0+ab7edbacd1
	- fabric-object-builder-api-v1 15.1.13+d1321076d1
	- fabric-particles-v1 4.0.2+6573ed8cd1
	- fabric-recipe-api-v1 5.0.10+65089712d1
	- fabric-registry-sync-v0 5.0.26+a5d66753d1
	- fabric-rendering-data-attachment-v1 0.3.48+73761d2ed1
	- fabric-rendering-fluids-v1 3.1.6+b5597344d1
	- fabric-resource-conditions-api-v1 4.2.1+d153f344d1
	- fabric-resource-loader-v0 1.2.0+7e687b32d1
	- fabric-screen-handler-api-v1 1.3.83+b5597344d1
	- fabric-transfer-api-v1 5.1.15+3dccd343d1
	- fabric-transitive-access-wideners-v1 6.0.12+6573ed8cd1
	- fabricloader 0.15.11
	- java 21
	- minecraft 1.21
	- mixinextras 0.3.5
	- music-disc-renderer 1.0.0
[16:55:44] [main/INFO] (FabricLoader/Mixin) SpongePowered MIXIN Subsystem Version=0.8.5 Source=file:/C:/Users/Johannes/.gradle/caches/modules-2/files-2.1/net.fabricmc/sponge-mixin/0.13.3+mixin.0.8.5/9527e6b0d2449408958fd1302594dc65ec5ade9c/sponge-mixin-0.13.3+mixin.0.8.5.jar Service=Knot/Fabric Env=SERVER
[16:55:44] [main/INFO] (FabricLoader/Mixin) Loaded Fabric development mappings for mixin remapper!
[16:55:44] [main/INFO] (FabricLoader/Mixin) Compatibility level set to JAVA_17
[16:55:44] [main/INFO] (FabricLoader/Mixin) Compatibility level set to JAVA_21
[16:55:45] [main/INFO] (FabricLoader/MixinExtras|Service) Initializing MixinExtras via com.llamalad7.mixinextras.service.MixinExtrasServiceImpl(version=0.3.5).
[16:55:53] [main/INFO] (Minecraft) Environment: Environment[sessionHost=https://sessionserver.mojang.com, servicesHost=https://api.minecraftservices.com, name=PROD]
[16:55:55] [main/INFO] (Minecraft) Loaded 1290 recipes
[16:55:55] [main/INFO] (Minecraft) Loaded 1399 advancements
[16:55:55] [main/INFO] (BiomeModificationImpl) Applied 0 biome modifications to 0 of 64 new biomes in 1.672 ms
[16:55:55] [Server thread/INFO] (Minecraft) Starting minecraft server version 1.21
[16:55:55] [Server thread/INFO] (Minecraft) Loading properties
[16:55:55] [Server thread/INFO] (Minecraft) Default game type: SURVIVAL
[16:55:55] [Server thread/INFO] (Minecraft) Generating keypair
[16:55:55] [Server thread/INFO] (Minecraft) Starting Minecraft server on *:25565
[16:55:55] [Server thread/INFO] (Minecraft) Using default channel type
[16:55:56] [Server thread/INFO] (Minecraft) Preparing level "world"
[16:55:57] [Server thread/INFO] (Minecraft) Preparing start region for dimension minecraft:overworld
[16:55:57] [Worker-Main-3/INFO] (Minecraft) Preparing spawn area: 2%
[16:55:57] [Server thread/INFO] (Minecraft) Time elapsed: 137 ms
[16:55:57] [Server thread/INFO] (Minecraft) Done (1.035s)! For help, type "help"
[16:56:00] [User Authenticator #1/INFO] (Minecraft) UUID of player bozt is 681472d3-e868-4139-9047-730c28d4feb4
[16:56:01] [Server thread/INFO] (Minecraft) bozt[/127.0.0.1:61681] logged in with entity id 1 at (-184.13031976804237, 65.0, 45.271309065050175)
[16:56:01] [Server thread/INFO] (Minecraft) bozt joined the game
[16:56:03] [Server thread/INFO] (Minecraft) [bozt: Set own game mode to Creative Mode]
[16:56:21] [Server thread/INFO] (Minecraft) bozt lost connection: Disconnected
[16:56:21] [Server thread/INFO] (Minecraft) bozt left the game
[16:57:39] [User Authenticator #2/INFO] (Minecraft) UUID of player bozt is 681472d3-e868-4139-9047-730c28d4feb4
[16:57:39] [Server thread/INFO] (Minecraft) bozt[/127.0.0.1:61828] logged in with entity id 222 at (-183.9742194034265, 65.90779718977033, 47.299856356312894)
[16:57:39] [Server thread/INFO] (Minecraft) bozt joined the game
[16:57:59] [Server thread/INFO] (Minecraft) bozt lost connection: Disconnected
[16:57:59] [Server thread/INFO] (Minecraft) bozt left the game
